[debug] [2023-02-06T15:44:39.711Z] ----------------------------------------------------------------------
[debug] [2023-02-06T15:44:39.719Z] Command:       C:\Program Files\nodejs\node.exe C:\Users\Hp\AppData\Roaming\npm\node_modules\firebase-tools\lib\bin\firebase.js deploy --only functions
[debug] [2023-02-06T15:44:39.722Z] CLI Version:   11.16.1
[debug] [2023-02-06T15:44:39.722Z] Platform:      win32
[debug] [2023-02-06T15:44:39.723Z] Node Version:  v16.13.0
[debug] [2023-02-06T15:44:39.734Z] Time:          Mon Feb 06 2023 17:44:39 GMT+0200 (South Africa Standard Time)
[debug] [2023-02-06T15:44:39.735Z] ----------------------------------------------------------------------
[debug] 
[debug] [2023-02-06T15:44:40.067Z] > command requires scopes: ["email","openid","https://www.googleapis.com/auth/cloudplatformprojects.readonly","https://www.googleapis.com/auth/firebase","https://www.googleapis.com/auth/cloud-platform"]
[debug] [2023-02-06T15:44:40.069Z] > authorizing via signed-in user (allanokothdev@gmail.com)
[debug] [2023-02-06T15:44:40.070Z] [iam] checking project circular-chain-cec1f for permissions ["cloudfunctions.functions.create","cloudfunctions.functions.delete","cloudfunctions.functions.get","cloudfunctions.functions.list","cloudfunctions.functions.update","cloudfunctions.operations.get","firebase.projects.get"]
[debug] [2023-02-06T15:44:40.080Z] > refreshing access token with scopes: []
[debug] [2023-02-06T15:44:40.088Z] >>> [apiv2][query] POST https://www.googleapis.com/oauth2/v3/token [none]
[debug] [2023-02-06T15:44:40.088Z] >>> [apiv2][body] POST https://www.googleapis.com/oauth2/v3/token [omitted]
[debug] [2023-02-06T15:44:44.040Z] <<< [apiv2][status] POST https://www.googleapis.com/oauth2/v3/token 200
[debug] [2023-02-06T15:44:44.041Z] <<< [apiv2][body] POST https://www.googleapis.com/oauth2/v3/token [omitted]
[debug] [2023-02-06T15:44:44.076Z] >>> [apiv2][query] POST https://cloudresourcemanager.googleapis.com/v1/projects/circular-chain-cec1f:testIamPermissions [none]
[debug] [2023-02-06T15:44:44.076Z] >>> [apiv2][(partial)header] POST https://cloudresourcemanager.googleapis.com/v1/projects/circular-chain-cec1f:testIamPermissions x-goog-quota-user=projects/circular-chain-cec1f
[debug] [2023-02-06T15:44:44.077Z] >>> [apiv2][body] POST https://cloudresourcemanager.googleapis.com/v1/projects/circular-chain-cec1f:testIamPermissions {"permissions":["cloudfunctions.functions.create","cloudfunctions.functions.delete","cloudfunctions.functions.get","cloudfunctions.functions.list","cloudfunctions.functions.update","cloudfunctions.operations.get","firebase.projects.get"]}
[debug] [2023-02-06T15:44:52.834Z] <<< [apiv2][status] POST https://cloudresourcemanager.googleapis.com/v1/projects/circular-chain-cec1f:testIamPermissions 200
[debug] [2023-02-06T15:44:52.835Z] <<< [apiv2][body] POST https://cloudresourcemanager.googleapis.com/v1/projects/circular-chain-cec1f:testIamPermissions {"permissions":["cloudfunctions.functions.create","cloudfunctions.functions.delete","cloudfunctions.functions.get","cloudfunctions.functions.list","cloudfunctions.functions.update","cloudfunctions.operations.get","firebase.projects.get"]}
[debug] [2023-02-06T15:44:52.837Z] >>> [apiv2][query] POST https://iam.googleapis.com/v1/projects/circular-chain-cec1f/serviceAccounts/circular-chain-cec1f@appspot.gserviceaccount.com:testIamPermissions [none]
[debug] [2023-02-06T15:44:52.837Z] >>> [apiv2][body] POST https://iam.googleapis.com/v1/projects/circular-chain-cec1f/serviceAccounts/circular-chain-cec1f@appspot.gserviceaccount.com:testIamPermissions {"permissions":["iam.serviceAccounts.actAs"]}
[debug] [2023-02-06T15:45:01.809Z] <<< [apiv2][status] POST https://iam.googleapis.com/v1/projects/circular-chain-cec1f/serviceAccounts/circular-chain-cec1f@appspot.gserviceaccount.com:testIamPermissions 200
[debug] [2023-02-06T15:45:01.811Z] <<< [apiv2][body] POST https://iam.googleapis.com/v1/projects/circular-chain-cec1f/serviceAccounts/circular-chain-cec1f@appspot.gserviceaccount.com:testIamPermissions {"permissions":["iam.serviceAccounts.actAs"]}
[info] 
[info] === Deploying to 'circular-chain-cec1f'...
[info] 
[info] i  deploying functions 
[info] Running command: npm --prefix "$RESOURCE_DIR" run lint
